0 info it worked if it ends with ok
1 verbose cli [ '/home/stique/.nvm/versions/node/v5.4.1/bin/node',
1 verbose cli   '/home/stique/.nvm/versions/node/v5.4.1/bin/npm',
1 verbose cli   'run',
1 verbose cli   'dev' ]
2 info using npm@3.3.12
3 info using node@v5.4.1
4 verbose run-script [ 'predev', 'dev', 'postdev' ]
5 info lifecycle vue-cli@~predev: vue-cli@
6 silly lifecycle vue-cli@~predev: no script for predev, continuing
7 info lifecycle vue-cli@~dev: vue-cli@
8 verbose lifecycle vue-cli@~dev: unsafe-perm in lifecycle true
9 verbose lifecycle vue-cli@~dev: PATH: /home/stique/.nvm/versions/node/v5.4.1/lib/node_modules/npm/bin/node-gyp-bin:/www/vuejs_course/projects/2_Wonderful_Quotes/node_modules/.bin:/home/stique/.nvm/versions/node/v5.4.1/bin:/home/stique/perl5/bin:/home/stique/.rvm/gems/ruby-2.2.1/bin:/home/stique/.rvm/gems/ruby-2.2.1@global/bin:/home/stique/.rvm/rubies/ruby-2.2.1/bin:/usr/local/sbin:/usr/local/bin:/usr/sbin:/usr/bin:/sbin:/bin:/usr/games:/usr/local/games:/home/stique/.rvm/bin:/home/stique/.rvm/bin
10 verbose lifecycle vue-cli@~dev: CWD: /www/vuejs_course/projects/2_Wonderful_Quotes
11 silly lifecycle vue-cli@~dev: Args: [ '-c',
11 silly lifecycle   'cross-env NODE_ENV=development webpack-dev-server --open --inline --hot' ]
12 silly lifecycle vue-cli@~dev: Returned: code: 1  signal: null
13 info lifecycle vue-cli@~dev: Failed to exec dev script
14 verbose stack Error: vue-cli@ dev: `cross-env NODE_ENV=development webpack-dev-server --open --inline --hot`
14 verbose stack Exit status 1
14 verbose stack     at EventEmitter.<anonymous> (/home/stique/.nvm/versions/node/v5.4.1/lib/node_modules/npm/lib/utils/lifecycle.js:232:16)
14 verbose stack     at emitTwo (events.js:87:13)
14 verbose stack     at EventEmitter.emit (events.js:172:7)
14 verbose stack     at ChildProcess.<anonymous> (/home/stique/.nvm/versions/node/v5.4.1/lib/node_modules/npm/lib/utils/spawn.js:24:14)
14 verbose stack     at emitTwo (events.js:87:13)
14 verbose stack     at ChildProcess.emit (events.js:172:7)
14 verbose stack     at maybeClose (internal/child_process.js:821:16)
14 verbose stack     at Process.ChildProcess._handle.onexit (internal/child_process.js:211:5)
15 verbose pkgid vue-cli@
16 verbose cwd /www/vuejs_course/projects/2_Wonderful_Quotes
17 error Linux 3.19.0-58-generic
18 error argv "/home/stique/.nvm/versions/node/v5.4.1/bin/node" "/home/stique/.nvm/versions/node/v5.4.1/bin/npm" "run" "dev"
19 error node v5.4.1
20 error npm  v3.3.12
21 error code ELIFECYCLE
22 error vue-cli@ dev: `cross-env NODE_ENV=development webpack-dev-server --open --inline --hot`
22 error Exit status 1
23 error Failed at the vue-cli@ dev script 'cross-env NODE_ENV=development webpack-dev-server --open --inline --hot'.
23 error Make sure you have the latest version of node.js and npm installed.
23 error If you do, this is most likely a problem with the vue-cli package,
23 error not with npm itself.
23 error Tell the author that this fails on your system:
23 error     cross-env NODE_ENV=development webpack-dev-server --open --inline --hot
23 error You can get their info via:
23 error     npm owner ls vue-cli
23 error There is likely additional logging output above.
24 verbose exit [ 1, true ]
